\BOOKMARK [-1][-]{part.1}{I Preliminary Topics}{}% 1
\BOOKMARK [0][-]{chapter.1}{Review of Linear Algebra}{part.1}% 2
\BOOKMARK [0][-]{chapter.2}{Polyhedron Analysis}{part.1}% 3
\BOOKMARK [-1][-]{part.2}{II Linear Programming}{}% 4
\BOOKMARK [0][-]{chapter.3}{The Simplex Method}{part.2}% 5
\BOOKMARK [0][-]{chapter.4}{Duality Theory and Sensitivity Analysis}{part.2}% 6
\BOOKMARK [0][-]{chapter.5}{Other Algorithms for Linear Programming}{part.2}% 7
\BOOKMARK [-1][-]{part.3}{III Network Optimization}{}% 8
\BOOKMARK [-1][-]{part.4}{IV Integer Programming}{}% 9
\BOOKMARK [-1][-]{part.5}{V Dynamic Programming}{}% 10
\BOOKMARK [-1][-]{part.6}{VI Convex Optimization}{}% 11
\BOOKMARK [-1][-]{part.7}{VII Nonlinear Programming}{}% 12
\BOOKMARK [-1][-]{part.8}{VIII Heuristics ans Metaheuristics}{}% 13
\BOOKMARK [-1][-]{part.9}{IX Game Theory}{}% 14
\BOOKMARK [-1][-]{part.10}{X Decision Analysis}{}% 15
\BOOKMARK [-1][-]{part.11}{XI Markov Chains}{}% 16
\BOOKMARK [-1][-]{part.12}{XII Queueing Theory}{}% 17
\BOOKMARK [-1][-]{part.13}{XIII Inventory Theory}{}% 18
\BOOKMARK [-1][-]{part.14}{XIV Reliability Theory}{}% 19
\BOOKMARK [-1][-]{part.15}{XV Simulation}{}% 20
