\BOOKMARK [-1][-]{part.1}{I Preliminary Topics}{}% 1
\BOOKMARK [0][-]{chapter.1}{Review of Linear Algebra}{part.1}% 2
\BOOKMARK [0][-]{chapter.2}{Convex Sets}{part.1}% 3
\BOOKMARK [0][-]{chapter.3}{Convex Functions and Generalizations}{part.1}% 4
\BOOKMARK [-1][-]{part.2}{II Linear Programming}{}% 5
\BOOKMARK [0][-]{chapter.4}{Formulation}{part.2}% 6
\BOOKMARK [1][-]{section.4.1}{Typical Problems}{chapter.4}% 7
\BOOKMARK [1][-]{section.4.2}{Formulation Skills}{chapter.4}% 8
\BOOKMARK [2][-]{subsection.4.2.1}{Absolute Value}{section.4.2}% 9
\BOOKMARK [2][-]{subsection.4.2.2}{A Minimax Objective}{section.4.2}% 10
\BOOKMARK [2][-]{subsection.4.2.3}{A fractional Objective}{section.4.2}% 11
\BOOKMARK [2][-]{subsection.4.2.4}{A range Constraint}{section.4.2}% 12
\BOOKMARK [0][-]{chapter.5}{Simplex Method}{part.2}% 13
\BOOKMARK [1][-]{section.5.1}{Basic Feasible Solutions and Extreme Points}{chapter.5}% 14
\BOOKMARK [1][-]{section.5.2}{Simplex Method}{chapter.5}% 15
\BOOKMARK [2][-]{subsection.5.2.1}{Simplex Method Algorithm}{section.5.2}% 16
\BOOKMARK [2][-]{subsection.5.2.2}{Simplex Method Tableau}{section.5.2}% 17
\BOOKMARK [2][-]{subsection.5.2.3}{Simplex Method as a Search Algorithm}{section.5.2}% 18
\BOOKMARK [1][-]{section.5.3}{Revised Simplex Method}{chapter.5}% 19
\BOOKMARK [1][-]{section.5.4}{Simplex Method with Bounded Variables}{chapter.5}% 20
\BOOKMARK [1][-]{section.5.5}{Artificial Variable}{chapter.5}% 21
\BOOKMARK [2][-]{subsection.5.5.1}{Two-Phase Method}{section.5.5}% 22
\BOOKMARK [2][-]{subsection.5.5.2}{Big-M Method}{section.5.5}% 23
\BOOKMARK [2][-]{subsection.5.5.3}{Single Artificial Variable Technique}{section.5.5}% 24
\BOOKMARK [1][-]{section.5.6}{Degeneracy and Cycling}{chapter.5}% 25
\BOOKMARK [2][-]{subsection.5.6.1}{Degeneracy}{section.5.6}% 26
\BOOKMARK [2][-]{subsection.5.6.2}{Cycling}{section.5.6}% 27
\BOOKMARK [2][-]{subsection.5.6.3}{Cycling Prevention Rules}{section.5.6}% 28
\BOOKMARK [0][-]{chapter.6}{Duality Theory and Sensitivity Analysis}{part.2}% 29
\BOOKMARK [0][-]{chapter.7}{Decomposition Principle}{part.2}% 30
\BOOKMARK [0][-]{chapter.8}{Ellipsoid Algorithm}{part.2}% 31
\BOOKMARK [0][-]{chapter.9}{Projective Algorithm}{part.2}% 32
\BOOKMARK [0][-]{chapter.10}{Interior-Point Algorithm}{part.2}% 33
\BOOKMARK [-1][-]{part.3}{III Geometry, Graph and Network Theory}{}% 34
\BOOKMARK [0][-]{chapter.11}{Paths, Trees, and Cycles}{part.3}% 35
\BOOKMARK [0][-]{chapter.12}{Shortest-Path Problem}{part.3}% 36
\BOOKMARK [0][-]{chapter.13}{Minimum Spanning Tree Problem}{part.3}% 37
\BOOKMARK [0][-]{chapter.14}{Maximum Flow Problem}{part.3}% 38
\BOOKMARK [0][-]{chapter.15}{Minimum Cost Flow Problem}{part.3}% 39
\BOOKMARK [0][-]{chapter.16}{Assignment and Matching Problem}{part.3}% 40
\BOOKMARK [0][-]{chapter.17}{Graph Algorithms}{part.3}% 41
\BOOKMARK [0][-]{chapter.18}{Polygon Triangulation}{part.3}% 42
\BOOKMARK [1][-]{section.18.1}{Types of Polygons}{chapter.18}% 43
\BOOKMARK [1][-]{section.18.2}{Triangulation}{chapter.18}% 44
\BOOKMARK [1][-]{section.18.3}{Art Gallery Theorem}{chapter.18}% 45
\BOOKMARK [-1][-]{part.4}{IV Integer and Combinatorial Programming}{}% 46
\BOOKMARK [0][-]{chapter.19}{Formulation}{part.4}% 47
\BOOKMARK [1][-]{section.19.1}{Typical Problems}{chapter.19}% 48
\BOOKMARK [1][-]{section.19.2}{Integer Programming Formulation Skills}{chapter.19}% 49
\BOOKMARK [2][-]{subsection.19.2.1}{A Variable Taking Discontinuous Values}{section.19.2}% 50
\BOOKMARK [2][-]{subsection.19.2.2}{Fixed Costs}{section.19.2}% 51
\BOOKMARK [2][-]{subsection.19.2.3}{Either-or Constraints}{section.19.2}% 52
\BOOKMARK [2][-]{subsection.19.2.4}{Conditional Constraints}{section.19.2}% 53
\BOOKMARK [2][-]{subsection.19.2.5}{Special Ordered Sets}{section.19.2}% 54
\BOOKMARK [2][-]{subsection.19.2.6}{Piecewise Linear Formulations}{section.19.2}% 55
\BOOKMARK [2][-]{subsection.19.2.7}{Conditional Binary Variables}{section.19.2}% 56
\BOOKMARK [2][-]{subsection.19.2.8}{Elimination of Products of Variables}{section.19.2}% 57
\BOOKMARK [0][-]{chapter.20}{Branch and Bound}{part.4}% 58
\BOOKMARK [0][-]{chapter.21}{Branch and Cut}{part.4}% 59
\BOOKMARK [0][-]{chapter.22}{Packing and Matching}{part.4}% 60
\BOOKMARK [0][-]{chapter.23}{Traveling Salesman Problem}{part.4}% 61
\BOOKMARK [0][-]{chapter.24}{Knapsack Problem}{part.4}% 62
\BOOKMARK [-1][-]{part.5}{V Nonlinear Programming}{}% 63
\BOOKMARK [0][-]{chapter.25}{KKT Optimality Conditions}{part.5}% 64
\BOOKMARK [0][-]{chapter.26}{Lagrangian Duality}{part.5}% 65
\BOOKMARK [0][-]{chapter.27}{Unconstrained Optimization}{part.5}% 66
\BOOKMARK [0][-]{chapter.28}{Penalty and Barrier Functions}{part.5}% 67
\BOOKMARK [-1][-]{part.6}{VI Algorithms and Computational Complexity}{}% 68
\BOOKMARK [0][-]{chapter.29}{Computational Complexity}{part.6}% 69
\BOOKMARK [0][-]{chapter.30}{Sorting}{part.6}% 70
\BOOKMARK [1][-]{section.30.1}{Elementary Sorting Algorithms}{chapter.30}% 71
\BOOKMARK [1][-]{section.30.2}{Heap-sort}{chapter.30}% 72
\BOOKMARK [1][-]{section.30.3}{Quick-sort}{chapter.30}% 73
\BOOKMARK [1][-]{section.30.4}{Sorting in Linear Time}{chapter.30}% 74
\BOOKMARK [1][-]{section.30.5}{Medians and Order Statistics}{chapter.30}% 75
\BOOKMARK [0][-]{chapter.31}{Data Structures}{part.6}% 76
\BOOKMARK [1][-]{section.31.1}{Elementary Data Structures}{chapter.31}% 77
\BOOKMARK [1][-]{section.31.2}{Hash Tables}{chapter.31}% 78
\BOOKMARK [1][-]{section.31.3}{Binary Search Trees}{chapter.31}% 79
\BOOKMARK [1][-]{section.31.4}{Red-Black Trees}{chapter.31}% 80
\BOOKMARK [1][-]{section.31.5}{B-Trees}{chapter.31}% 81
\BOOKMARK [1][-]{section.31.6}{Fibonacci Heaps}{chapter.31}% 82
\BOOKMARK [1][-]{section.31.7}{van Emde Boas Trees}{chapter.31}% 83
\BOOKMARK [0][-]{chapter.32}{Design and Analysis Techniques}{part.6}% 84
\BOOKMARK [1][-]{section.32.1}{Dynamic Programming}{chapter.32}% 85
\BOOKMARK [1][-]{section.32.2}{Greedy Algorithms}{chapter.32}% 86
\BOOKMARK [1][-]{section.32.3}{Amortized Analysis}{chapter.32}% 87
\BOOKMARK [1][-]{section.32.4}{Multi-threaded Algorithms}{chapter.32}% 88
\BOOKMARK [1][-]{section.32.5}{Matrix Operations}{chapter.32}% 89
\BOOKMARK [1][-]{section.32.6}{Polynomials and the FFT}{chapter.32}% 90
\BOOKMARK [1][-]{section.32.7}{Number-Theoretic Algorithms}{chapter.32}% 91
\BOOKMARK [1][-]{section.32.8}{String Matching}{chapter.32}% 92
\BOOKMARK [1][-]{section.32.9}{Computational Geometry}{chapter.32}% 93
\BOOKMARK [1][-]{section.32.10}{NP-Completeness}{chapter.32}% 94
\BOOKMARK [1][-]{section.32.11}{Approximation Algorithms}{chapter.32}% 95
\BOOKMARK [-1][-]{part.7}{VII Heuristics ans Meta-heuristics}{}% 96
\BOOKMARK [-1][-]{part.8}{VIII Game Theory}{}% 97
\BOOKMARK [0][-]{chapter.33}{Games with Ordinal Payoffs}{part.8}% 98
\BOOKMARK [1][-]{section.33.1}{Ordinal Games in Strategic Form}{chapter.33}% 99
\BOOKMARK [1][-]{section.33.2}{Perfect-information Games}{chapter.33}% 100
\BOOKMARK [1][-]{section.33.3}{General Dynamic Games}{chapter.33}% 101
\BOOKMARK [0][-]{chapter.34}{Games with Cardinal Payoffs}{part.8}% 102
\BOOKMARK [1][-]{section.34.1}{Expected Utility Theory}{chapter.34}% 103
\BOOKMARK [1][-]{section.34.2}{Strategic-form Games}{chapter.34}% 104
\BOOKMARK [1][-]{section.34.3}{Extensive-form Games}{chapter.34}% 105
\BOOKMARK [0][-]{chapter.35}{Knowledge, Common Knowledge, Beliefs}{part.8}% 106
\BOOKMARK [1][-]{section.35.1}{Common Knowledge}{chapter.35}% 107
\BOOKMARK [1][-]{section.35.2}{Adding Beliefs to Knowledge}{chapter.35}% 108
\BOOKMARK [1][-]{section.35.3}{Rationality}{chapter.35}% 109
\BOOKMARK [0][-]{chapter.36}{Refinements of Subgame-perfect Equilibrium}{part.8}% 110
\BOOKMARK [1][-]{section.36.1}{Weak Sequential Equilibrium}{chapter.36}% 111
\BOOKMARK [1][-]{section.36.2}{Sequential Equilibrium}{chapter.36}% 112
\BOOKMARK [1][-]{section.36.3}{Perfect Bayesian Equilibrium}{chapter.36}% 113
\BOOKMARK [0][-]{chapter.37}{Incomplete Information}{part.8}% 114
\BOOKMARK [1][-]{section.37.1}{Static Games}{chapter.37}% 115
\BOOKMARK [1][-]{section.37.2}{Dynamic Games}{chapter.37}% 116
\BOOKMARK [1][-]{section.37.3}{The Type-Space Approach}{chapter.37}% 117
\BOOKMARK [-1][-]{part.9}{IX Decision Analysis}{}% 118
\BOOKMARK [-1][-]{part.10}{X Probability, Stochastic Processes and Markov Chains}{}% 119
\BOOKMARK [0][-]{chapter.38}{Probability}{part.10}% 120
\BOOKMARK [0][-]{chapter.39}{Random Variables}{part.10}% 121
\BOOKMARK [1][-]{section.39.1}{Relationship between Some Random Variables}{chapter.39}% 122
\BOOKMARK [1][-]{section.39.2}{Discrete Random Variables}{chapter.39}% 123
\BOOKMARK [1][-]{section.39.3}{Continuous Random Variables}{chapter.39}% 124
\BOOKMARK [0][-]{chapter.40}{Limit Theorems}{part.10}% 125
\BOOKMARK [0][-]{chapter.41}{The Bernoulli and Poisson Process}{part.10}% 126
\BOOKMARK [0][-]{chapter.42}{Discrete-Time Markov Chains}{part.10}% 127
\BOOKMARK [0][-]{chapter.43}{Continuous-Time Markov Chains}{part.10}% 128
\BOOKMARK [-1][-]{part.11}{XI Queuing Theory}{}% 129
\BOOKMARK [0][-]{chapter.44}{Queuing Model}{part.11}% 130
\BOOKMARK [0][-]{chapter.45}{Birth-and-Death Queuing Models}{part.11}% 131
\BOOKMARK [0][-]{chapter.46}{Multidimensional Birth-and-Death Queuing Models}{part.11}% 132
\BOOKMARK [0][-]{chapter.47}{Phase-Type Queue}{part.11}% 133
\BOOKMARK [0][-]{chapter.48}{Bulk Queue}{part.11}% 134
\BOOKMARK [0][-]{chapter.49}{Imbedded-Markov-Chain Queuing Models}{part.11}% 135
\BOOKMARK [0][-]{chapter.50}{Queuing Network}{part.11}% 136
\BOOKMARK [-1][-]{part.12}{XII Inventory Theory}{}% 137
\BOOKMARK [-1][-]{part.13}{XIII Reliability Theory}{}% 138
\BOOKMARK [0][-]{chapter.51}{Maintenance Optimization}{part.13}% 139
\BOOKMARK [-1][-]{part.14}{XIV Bayesian Statistic}{}% 140
\BOOKMARK [-1][-]{part.15}{XV Classical Statistic}{}% 141
\BOOKMARK [-1][-]{part.16}{XVI Simulation}{}% 142
